<?xml version="1.0" encoding="UTF-8"?>
<!-- Generated by org.testng.reporters.JUnitReportReporter -->
<testsuite hostname="Tor_IT_22" failures="0" tests="1" name="com.webappsecurity.zero.Testscripts.VerifyValidLoginTest" time="0.997" errors="0" timestamp="2020-10-15T19:37:42 EDT" skipped="0">
  <testcase classname="com.webappsecurity.zero.Testscripts.VerifyValidLoginTest" name="verifyValidLogin" time="0.997"/>
</testsuite> <!-- com.webappsecurity.zero.Testscripts.VerifyValidLoginTest -->
